<?xml version="1.0" encoding="UTF-8"?>
<testng-results skipped="0" failed="0" total="1" passed="1">
  <reporter-output>
    <line>
      <![CDATA[Titles are same]]>
    </line>
    <line>
      <![CDATA[text IGNITE EvoKNIT Lo 2 Men's Running Shoes is present]]>
    </line>
    <line>
      <![CDATA[Quantity one is present]]>
    </line>
  </reporter-output>
  <suite name="Suite" duration-ms="102052" started-at="2018-05-10T08:30:57Z" finished-at="2018-05-10T08:32:39Z">
    <groups>
    </groups>
    <test name="Test" duration-ms="102052" started-at="2018-05-10T08:30:57Z" finished-at="2018-05-10T08:32:39Z">
      <class name="com.puma.script1.AddProductTest">
        <test-method status="PASS" signature="init()[pri:0, instance:com.puma.script1.AddProductTest@2ef5e5e3]" name="init" is-config="true" duration-ms="194" started-at="2018-05-10T14:00:57Z" finished-at="2018-05-10T14:00:57Z">
          <reporter-output>
          </reporter-output>
        </test-method> <!-- init -->
        <test-method status="PASS" signature="classTest()[pri:0, instance:com.puma.script1.AddProductTest@2ef5e5e3]" name="classTest" is-config="true" duration-ms="32626" started-at="2018-05-10T14:00:57Z" finished-at="2018-05-10T14:01:29Z">
          <reporter-output>
          </reporter-output>
        </test-method> <!-- classTest -->
        <test-method status="PASS" signature="preCondition(java.lang.reflect.Method)[pri:0, instance:com.puma.script1.AddProductTest@2ef5e5e3]" name="preCondition" is-config="true" duration-ms="21" started-at="2018-05-10T14:01:29Z" finished-at="2018-05-10T14:01:29Z">
          <params>
            <param index="0">
              <value>
                <![CDATA[public void com.puma.script1.AddProductTest.addProduct() throws java.lang.InterruptedException]]>
              </value>
            </param>
          </params>
          <reporter-output>
          </reporter-output>
        </test-method> <!-- preCondition -->
        <test-method status="PASS" signature="addProduct()[pri:0, instance:com.puma.script1.AddProductTest@2ef5e5e3]" name="addProduct" duration-ms="63685" started-at="2018-05-10T14:01:29Z" finished-at="2018-05-10T14:02:33Z">
          <reporter-output>
            <line>
              <![CDATA[Titles are same]]>
            </line>
            <line>
              <![CDATA[text IGNITE EvoKNIT Lo 2 Men's Running Shoes is present]]>
            </line>
            <line>
              <![CDATA[Quantity one is present]]>
            </line>
          </reporter-output>
        </test-method> <!-- addProduct -->
        <test-method status="PASS" signature="postCondition(org.testng.ITestResult, java.lang.reflect.Method)[pri:0, instance:com.puma.script1.AddProductTest@2ef5e5e3]" name="postCondition" is-config="true" duration-ms="0" started-at="2018-05-10T14:02:33Z" finished-at="2018-05-10T14:02:33Z">
          <params>
            <param index="0">
              <value>
                <![CDATA[[TestResult name=addProduct status=SUCCESS method=AddProductTest.addProduct()[pri:0, instance:com.puma.script1.AddProductTest@2ef5e5e3] output=Titles are same]]]>
              </value>
            </param>
            <param index="1">
              <value>
                <![CDATA[public void com.puma.script1.AddProductTest.addProduct() throws java.lang.InterruptedException]]>
              </value>
            </param>
          </params>
          <reporter-output>
          </reporter-output>
        </test-method> <!-- postCondition -->
        <test-method status="PASS" signature="afterclass()[pri:0, instance:com.puma.script1.AddProductTest@2ef5e5e3]" name="afterclass" is-config="true" duration-ms="5720" started-at="2018-05-10T14:02:33Z" finished-at="2018-05-10T14:02:39Z">
          <reporter-output>
          </reporter-output>
        </test-method> <!-- afterclass -->
        <test-method status="PASS" signature="end()[pri:0, instance:com.puma.script1.AddProductTest@2ef5e5e3]" name="end" is-config="true" duration-ms="313" started-at="2018-05-10T14:02:39Z" finished-at="2018-05-10T14:02:39Z">
          <reporter-output>
          </reporter-output>
        </test-method> <!-- end -->
      </class> <!-- com.puma.script1.AddProductTest -->
    </test> <!-- Test -->
  </suite> <!-- Suite -->
</testng-results>
